<?xml version="1.0" encoding="UTF-8"?>
<robot generator="Robot 3.2.2 (Python 3.7.6 on win32)" generated="20210218 07:19:34.427" rpa="false">
<suite id="s1" name="Web" source="C:\Users\marce\Automation\Desafio_Bemol\Etapa_II_III\tests\web">
<suite id="s1-s1" name="Seach By Cep" source="C:\Users\marce\Automation\Desafio_Bemol\Etapa_II_III\tests\web\seach_by_cep.robot">
<test id="s1-s1-t1" name="Search By CEP">
<kw name="Search Session" library="hooks" type="setup">
<kw name="Start Session" library="hooks">
<kw name="Open Browser" library="SeleniumLibrary">
<doc>Opens a new browser instance to the optional ``url``.</doc>
<arguments>
<arg>about:blank</arg>
<arg>chrome</arg>
<arg>options=add_experimental_option('excludeSwitches', ['enable-logging'])</arg>
</arguments>
<msg timestamp="20210218 07:19:34.814" level="INFO">Opening browser 'chrome' to base url 'about:blank'.</msg>
<status status="PASS" starttime="20210218 07:19:34.814" endtime="20210218 07:19:36.023"></status>
</kw>
<kw name="Maximize Browser Window" library="SeleniumLibrary">
<doc>Maximizes current browser window.</doc>
<status status="PASS" starttime="20210218 07:19:36.023" endtime="20210218 07:19:36.155"></status>
</kw>
<status status="PASS" starttime="20210218 07:19:34.813" endtime="20210218 07:19:36.155"></status>
</kw>
<kw name="Go To" library="SeleniumLibrary">
<doc>Navigates the current browser window to the provided ``url``.</doc>
<arguments>
<arg>${base_url_etII}</arg>
</arguments>
<msg timestamp="20210218 07:19:36.156" level="INFO">Opening url 'http://www.buscacep.correios.com.br'</msg>
<status status="PASS" starttime="20210218 07:19:36.156" endtime="20210218 07:19:40.146"></status>
</kw>
<status status="PASS" starttime="20210218 07:19:34.812" endtime="20210218 07:19:40.146"></status>
</kw>
<kw name="Given user access SeachByCEP Page" library="kws">
<kw name="Click Element" library="SeleniumLibrary">
<doc>Click the element identified by ``locator``.</doc>
<arguments>
<arg>${SEARCH_CEP_BUTTON}</arg>
</arguments>
<msg timestamp="20210218 07:19:40.147" level="INFO">Clicking element 'css:img[alt="Buscar CEP"]'.</msg>
<status status="PASS" starttime="20210218 07:19:40.147" endtime="20210218 07:19:42.300"></status>
</kw>
<status status="PASS" starttime="20210218 07:19:40.147" endtime="20210218 07:19:42.300"></status>
</kw>
<kw name="And user input CEP" library="kws">
<kw name="Wait Until Element Is Visible" library="SeleniumLibrary">
<doc>Waits until the element ``locator`` is visible.</doc>
<arguments>
<arg>${INPUT_CEP_OR_ADRESS_FIELD}</arg>
<arg>5</arg>
</arguments>
<status status="PASS" starttime="20210218 07:19:42.302" endtime="20210218 07:19:42.335"></status>
</kw>
<kw name="Input Text" library="SeleniumLibrary">
<doc>Types the given ``text`` into the text field identified by ``locator``.</doc>
<arguments>
<arg>${INPUT_CEP_OR_ADRESS_FIELD}</arg>
<arg>${cep}</arg>
</arguments>
<msg timestamp="20210218 07:19:42.336" level="INFO">Typing text '69005-040' into text field 'id:endereco'.</msg>
<status status="PASS" starttime="20210218 07:19:42.336" endtime="20210218 07:19:42.442"></status>
</kw>
<status status="PASS" starttime="20210218 07:19:42.301" endtime="20210218 07:19:42.442"></status>
</kw>
<kw name="Wnen user confirm" library="kws">
<kw name="Click Element" library="SeleniumLibrary">
<doc>Click the element identified by ``locator``.</doc>
<arguments>
<arg>${CONFIRM_BUTTON}</arg>
</arguments>
<msg timestamp="20210218 07:19:42.443" level="INFO">Clicking element 'id:btn_pesquisar'.</msg>
<status status="PASS" starttime="20210218 07:19:42.443" endtime="20210218 07:19:42.494"></status>
</kw>
<status status="PASS" starttime="20210218 07:19:42.442" endtime="20210218 07:19:42.494"></status>
</kw>
<kw name="Then the search should return adress reletad to CEP informed" library="kws">
<kw name="Wait Until Element Is Visible" library="SeleniumLibrary">
<doc>Waits until the element ``locator`` is visible.</doc>
<arguments>
<arg>${BACK_BUTTON}</arg>
<arg>5</arg>
</arguments>
<status status="PASS" starttime="20210218 07:19:42.495" endtime="20210218 07:19:42.971"></status>
</kw>
<kw name="Page Should Contain" library="SeleniumLibrary">
<doc>Verifies that current page contains ``text``.</doc>
<arguments>
<arg>${adress}</arg>
</arguments>
<msg timestamp="20210218 07:19:42.987" level="INFO">Current page contains text 'Rua Miranda Leão'.</msg>
<status status="PASS" starttime="20210218 07:19:42.972" endtime="20210218 07:19:42.987"></status>
</kw>
<kw name="Page Should Contain" library="SeleniumLibrary">
<doc>Verifies that current page contains ``text``.</doc>
<arguments>
<arg>${cep}</arg>
</arguments>
<msg timestamp="20210218 07:19:43.002" level="INFO">Current page contains text '69005-040'.</msg>
<status status="PASS" starttime="20210218 07:19:42.987" endtime="20210218 07:19:43.002"></status>
</kw>
<kw name="Page Should Contain" library="SeleniumLibrary">
<doc>Verifies that current page contains ``text``.</doc>
<arguments>
<arg>${district}</arg>
</arguments>
<msg timestamp="20210218 07:19:43.016" level="INFO">Current page contains text 'Centro'.</msg>
<status status="PASS" starttime="20210218 07:19:43.002" endtime="20210218 07:19:43.017"></status>
</kw>
<kw name="Page Should Contain" library="SeleniumLibrary">
<doc>Verifies that current page contains ``text``.</doc>
<arguments>
<arg>${state}</arg>
</arguments>
<msg timestamp="20210218 07:19:43.029" level="INFO">Current page contains text 'Manaus/AM'.</msg>
<status status="PASS" starttime="20210218 07:19:43.017" endtime="20210218 07:19:43.029"></status>
</kw>
<status status="PASS" starttime="20210218 07:19:42.494" endtime="20210218 07:19:43.029"></status>
</kw>
<kw name="Finish TestCase" library="hooks" type="teardown">
<kw name="Capture Page Screenshot" library="SeleniumLibrary">
<doc>Takes a screenshot of the current page and embeds it into a log file.</doc>
<msg timestamp="20210218 07:19:43.318" level="INFO" html="yes">&lt;/td&gt;&lt;/tr&gt;&lt;tr&gt;&lt;td colspan="3"&gt;&lt;a href="selenium-screenshot-143.png"&gt;&lt;img src="selenium-screenshot-143.png" width="800px"&gt;&lt;/a&gt;</msg>
<status status="PASS" starttime="20210218 07:19:43.031" endtime="20210218 07:19:43.318"></status>
</kw>
<kw name="Close Browser" library="SeleniumLibrary">
<doc>Closes the current browser.</doc>
<status status="PASS" starttime="20210218 07:19:43.319" endtime="20210218 07:19:45.594"></status>
</kw>
<status status="PASS" starttime="20210218 07:19:43.030" endtime="20210218 07:19:45.594"></status>
</kw>
<tags>
<tag>cep</tag>
</tags>
<status status="PASS" starttime="20210218 07:19:34.811" endtime="20210218 07:19:45.595" critical="yes"></status>
</test>
<test id="s1-s1-t2" name="Search By Name">
<kw name="Search Session" library="hooks" type="setup">
<kw name="Start Session" library="hooks">
<kw name="Open Browser" library="SeleniumLibrary">
<doc>Opens a new browser instance to the optional ``url``.</doc>
<arguments>
<arg>about:blank</arg>
<arg>chrome</arg>
<arg>options=add_experimental_option('excludeSwitches', ['enable-logging'])</arg>
</arguments>
<msg timestamp="20210218 07:19:45.599" level="INFO">Opening browser 'chrome' to base url 'about:blank'.</msg>
<status status="PASS" starttime="20210218 07:19:45.598" endtime="20210218 07:19:46.921"></status>
</kw>
<kw name="Maximize Browser Window" library="SeleniumLibrary">
<doc>Maximizes current browser window.</doc>
<status status="PASS" starttime="20210218 07:19:46.922" endtime="20210218 07:19:47.054"></status>
</kw>
<status status="PASS" starttime="20210218 07:19:45.598" endtime="20210218 07:19:47.055"></status>
</kw>
<kw name="Go To" library="SeleniumLibrary">
<doc>Navigates the current browser window to the provided ``url``.</doc>
<arguments>
<arg>${base_url_etII}</arg>
</arguments>
<msg timestamp="20210218 07:19:47.055" level="INFO">Opening url 'http://www.buscacep.correios.com.br'</msg>
<status status="PASS" starttime="20210218 07:19:47.055" endtime="20210218 07:19:51.155"></status>
</kw>
<status status="PASS" starttime="20210218 07:19:45.597" endtime="20210218 07:19:51.156"></status>
</kw>
<kw name="Given user access SeachByCEP Page" library="kws">
<kw name="Click Element" library="SeleniumLibrary">
<doc>Click the element identified by ``locator``.</doc>
<arguments>
<arg>${SEARCH_CEP_BUTTON}</arg>
</arguments>
<msg timestamp="20210218 07:19:51.157" level="INFO">Clicking element 'css:img[alt="Buscar CEP"]'.</msg>
<status status="PASS" starttime="20210218 07:19:51.157" endtime="20210218 07:19:53.367"></status>
</kw>
<status status="PASS" starttime="20210218 07:19:51.156" endtime="20210218 07:19:53.369"></status>
</kw>
<kw name="And user input name" library="kws">
<kw name="Wait Until Element Is Visible" library="SeleniumLibrary">
<doc>Waits until the element ``locator`` is visible.</doc>
<arguments>
<arg>${INPUT_CEP_OR_ADRESS_FIELD}</arg>
<arg>5</arg>
</arguments>
<status status="PASS" starttime="20210218 07:19:53.372" endtime="20210218 07:19:53.418"></status>
</kw>
<kw name="Input Text" library="SeleniumLibrary">
<doc>Types the given ``text`` into the text field identified by ``locator``.</doc>
<arguments>
<arg>${INPUT_CEP_OR_ADRESS_FIELD}</arg>
<arg>${name}</arg>
</arguments>
<msg timestamp="20210218 07:19:53.419" level="INFO">Typing text 'Lojas Bemol' into text field 'id:endereco'.</msg>
<status status="PASS" starttime="20210218 07:19:53.418" endtime="20210218 07:19:53.519"></status>
</kw>
<status status="PASS" starttime="20210218 07:19:53.370" endtime="20210218 07:19:53.519"></status>
</kw>
<kw name="Wnen user confirm" library="kws">
<kw name="Click Element" library="SeleniumLibrary">
<doc>Click the element identified by ``locator``.</doc>
<arguments>
<arg>${CONFIRM_BUTTON}</arg>
</arguments>
<msg timestamp="20210218 07:19:53.520" level="INFO">Clicking element 'id:btn_pesquisar'.</msg>
<status status="PASS" starttime="20210218 07:19:53.520" endtime="20210218 07:19:53.563"></status>
</kw>
<status status="PASS" starttime="20210218 07:19:53.520" endtime="20210218 07:19:53.563"></status>
</kw>
<kw name="Then the search should return adress reletad to name informed" library="kws">
<kw name="Wait Until Element Is Visible" library="SeleniumLibrary">
<doc>Waits until the element ``locator`` is visible.</doc>
<arguments>
<arg>${BACK_BUTTON}</arg>
<arg>5</arg>
</arguments>
<status status="PASS" starttime="20210218 07:19:53.565" endtime="20210218 07:19:53.828"></status>
</kw>
<kw name="Page Should Contain" library="SeleniumLibrary">
<doc>Verifies that current page contains ``text``.</doc>
<arguments>
<arg>${adress2}</arg>
</arguments>
<msg timestamp="20210218 07:19:53.849" level="INFO">Current page contains text 'Rua Miranda Leão 41'.</msg>
<status status="PASS" starttime="20210218 07:19:53.828" endtime="20210218 07:19:53.849"></status>
</kw>
<kw name="Page Should Contain" library="SeleniumLibrary">
<doc>Verifies that current page contains ``text``.</doc>
<arguments>
<arg>${name}</arg>
</arguments>
<msg timestamp="20210218 07:19:53.863" level="INFO">Current page contains text 'Lojas Bemol'.</msg>
<status status="PASS" starttime="20210218 07:19:53.849" endtime="20210218 07:19:53.863"></status>
</kw>
<kw name="Page Should Contain" library="SeleniumLibrary">
<doc>Verifies that current page contains ``text``.</doc>
<arguments>
<arg>${cep2}</arg>
</arguments>
<msg timestamp="20210218 07:19:53.876" level="INFO">Current page contains text '69005-901'.</msg>
<status status="PASS" starttime="20210218 07:19:53.863" endtime="20210218 07:19:53.876"></status>
</kw>
<kw name="Page Should Contain" library="SeleniumLibrary">
<doc>Verifies that current page contains ``text``.</doc>
<arguments>
<arg>${district}</arg>
</arguments>
<msg timestamp="20210218 07:19:53.888" level="INFO">Current page contains text 'Centro'.</msg>
<status status="PASS" starttime="20210218 07:19:53.876" endtime="20210218 07:19:53.888"></status>
</kw>
<kw name="Page Should Contain" library="SeleniumLibrary">
<doc>Verifies that current page contains ``text``.</doc>
<arguments>
<arg>${state}</arg>
</arguments>
<msg timestamp="20210218 07:19:53.902" level="INFO">Current page contains text 'Manaus/AM'.</msg>
<status status="PASS" starttime="20210218 07:19:53.888" endtime="20210218 07:19:53.902"></status>
</kw>
<status status="PASS" starttime="20210218 07:19:53.564" endtime="20210218 07:19:53.902"></status>
</kw>
<kw name="Finish TestCase" library="hooks" type="teardown">
<kw name="Capture Page Screenshot" library="SeleniumLibrary">
<doc>Takes a screenshot of the current page and embeds it into a log file.</doc>
<msg timestamp="20210218 07:19:54.221" level="INFO" html="yes">&lt;/td&gt;&lt;/tr&gt;&lt;tr&gt;&lt;td colspan="3"&gt;&lt;a href="selenium-screenshot-144.png"&gt;&lt;img src="selenium-screenshot-144.png" width="800px"&gt;&lt;/a&gt;</msg>
<status status="PASS" starttime="20210218 07:19:53.903" endtime="20210218 07:19:54.221"></status>
</kw>
<kw name="Close Browser" library="SeleniumLibrary">
<doc>Closes the current browser.</doc>
<status status="PASS" starttime="20210218 07:19:54.221" endtime="20210218 07:19:56.420"></status>
</kw>
<status status="PASS" starttime="20210218 07:19:53.903" endtime="20210218 07:19:56.421"></status>
</kw>
<tags>
<tag>name</tag>
</tags>
<status status="PASS" starttime="20210218 07:19:45.596" endtime="20210218 07:19:56.422" critical="yes"></status>
</test>
<doc>Search By CEP</doc>
<status status="PASS" starttime="20210218 07:19:34.465" endtime="20210218 07:19:56.427"></status>
</suite>
<suite id="s1-s2" name="Seach By City" source="C:\Users\marce\Automation\Desafio_Bemol\Etapa_II_III\tests\web\seach_by_city.robot">
<test id="s1-s2-t1" name="Search By City">
<kw name="Seach Trivago Session" library="hooks" type="setup">
<kw name="Start Session" library="hooks">
<kw name="Open Browser" library="SeleniumLibrary">
<doc>Opens a new browser instance to the optional ``url``.</doc>
<arguments>
<arg>about:blank</arg>
<arg>chrome</arg>
<arg>options=add_experimental_option('excludeSwitches', ['enable-logging'])</arg>
</arguments>
<msg timestamp="20210218 07:19:56.472" level="INFO">Opening browser 'chrome' to base url 'about:blank'.</msg>
<status status="PASS" starttime="20210218 07:19:56.472" endtime="20210218 07:19:57.789"></status>
</kw>
<kw name="Maximize Browser Window" library="SeleniumLibrary">
<doc>Maximizes current browser window.</doc>
<status status="PASS" starttime="20210218 07:19:57.789" endtime="20210218 07:19:57.920"></status>
</kw>
<status status="PASS" starttime="20210218 07:19:56.471" endtime="20210218 07:19:57.921"></status>
</kw>
<kw name="Go To" library="SeleniumLibrary">
<doc>Navigates the current browser window to the provided ``url``.</doc>
<arguments>
<arg>${base_url_etIII}</arg>
</arguments>
<msg timestamp="20210218 07:19:57.921" level="INFO">Opening url 'http://www.trivago.com.br'</msg>
<status status="PASS" starttime="20210218 07:19:57.921" endtime="20210218 07:20:02.457"></status>
</kw>
<status status="PASS" starttime="20210218 07:19:56.470" endtime="20210218 07:20:02.457"></status>
</kw>
<kw name="Given that user make a search by city" library="kws">
<kw name="Input Text" library="SeleniumLibrary">
<doc>Types the given ``text`` into the text field identified by ``locator``.</doc>
<arguments>
<arg>${SEARCH_FIELD}</arg>
<arg>Manaus</arg>
</arguments>
<msg timestamp="20210218 07:20:02.458" level="INFO">Typing text 'Manaus' into text field 'css:input[type="search"]'.</msg>
<status status="PASS" starttime="20210218 07:20:02.458" endtime="20210218 07:20:02.544"></status>
</kw>
<kw name="Sleep" library="BuiltIn">
<doc>Pauses the test executed for the given time.</doc>
<arguments>
<arg>1.5</arg>
</arguments>
<msg timestamp="20210218 07:20:04.046" level="INFO">Slept 1 second 500 milliseconds</msg>
<status status="PASS" starttime="20210218 07:20:02.544" endtime="20210218 07:20:04.046"></status>
</kw>
<kw name="Click Element" library="SeleniumLibrary">
<doc>Click the element identified by ``locator``.</doc>
<arguments>
<arg>${SEARCH_BUTTON}</arg>
</arguments>
<msg timestamp="20210218 07:20:04.046" level="INFO">Clicking element 'css:button[data-qa="search-button"]'.</msg>
<status status="PASS" starttime="20210218 07:20:04.046" endtime="20210218 07:20:04.367"></status>
</kw>
<status status="PASS" starttime="20210218 07:20:02.458" endtime="20210218 07:20:04.367"></status>
</kw>
<kw name="When user sort by Rating and Suggestions" library="kws">
<kw name="Press Keys" library="SeleniumLibrary">
<doc>Simulates the user pressing key(s) to an element or on the active browser.</doc>
<arguments>
<arg>None</arg>
<arg>ESC</arg>
</arguments>
<msg timestamp="20210218 07:20:04.372" level="INFO">Sending key(s) ('ESC',) to page.</msg>
<msg timestamp="20210218 07:20:04.372" level="INFO">Pressing special key ESCAPE to browser.</msg>
<msg timestamp="20210218 07:20:04.372" level="INFO">Releasing special key ESCAPE.</msg>
<status status="PASS" starttime="20210218 07:20:04.371" endtime="20210218 07:20:04.732"></status>
</kw>
<kw name="Wait Until Element Is Visible" library="SeleniumLibrary">
<doc>Waits until the element ``locator`` is visible.</doc>
<arguments>
<arg>${SELECT_BUTTON}</arg>
<arg>5</arg>
</arguments>
<status status="PASS" starttime="20210218 07:20:04.732" endtime="20210218 07:20:04.903"></status>
</kw>
<kw name="Click Element" library="SeleniumLibrary">
<doc>Click the element identified by ``locator``.</doc>
<arguments>
<arg>${SELECT_BUTTON}</arg>
</arguments>
<msg timestamp="20210218 07:20:04.903" level="INFO">Clicking element 'css:select[data-qa="sorting"]'.</msg>
<status status="PASS" starttime="20210218 07:20:04.903" endtime="20210218 07:20:05.029"></status>
</kw>
<kw name="Click Element" library="SeleniumLibrary">
<doc>Click the element identified by ``locator``.</doc>
<arguments>
<arg>${AVA_OPT}</arg>
</arguments>
<msg timestamp="20210218 07:20:05.029" level="INFO">Clicking element 'css:option[value="7"]'.</msg>
<status status="PASS" starttime="20210218 07:20:05.029" endtime="20210218 07:20:05.228"></status>
</kw>
<kw name="Press Keys" library="SeleniumLibrary">
<doc>Simulates the user pressing key(s) to an element or on the active browser.</doc>
<arguments>
<arg>None</arg>
<arg>ESC</arg>
</arguments>
<msg timestamp="20210218 07:20:05.229" level="INFO">Sending key(s) ('ESC',) to page.</msg>
<msg timestamp="20210218 07:20:05.229" level="INFO">Pressing special key ESCAPE to browser.</msg>
<msg timestamp="20210218 07:20:05.230" level="INFO">Releasing special key ESCAPE.</msg>
<status status="PASS" starttime="20210218 07:20:05.229" endtime="20210218 07:20:05.385"></status>
</kw>
<status status="PASS" starttime="20210218 07:20:04.370" endtime="20210218 07:20:05.385"></status>
</kw>
<kw name="Then the first list item should be" library="kws">
<kw name="Wait Until Element Is Visible" library="SeleniumLibrary">
<doc>Waits until the element ``locator`` is visible.</doc>
<arguments>
<arg>${ITEM_NAME}</arg>
<arg>5</arg>
</arguments>
<status status="PASS" starttime="20210218 07:20:05.386" endtime="20210218 07:20:07.082"></status>
</kw>
<kw name="Page Should Contain" library="SeleniumLibrary">
<doc>Verifies that current page contains ``text``.</doc>
<arguments>
<arg>${hotel_name}</arg>
</arguments>
<msg timestamp="20210218 07:20:07.110" level="INFO">Current page contains text 'ibis budget Manaus'.</msg>
<status status="PASS" starttime="20210218 07:20:07.082" endtime="20210218 07:20:07.110"></status>
</kw>
<kw name="Page Should Contain" library="SeleniumLibrary">
<doc>Verifies that current page contains ``text``.</doc>
<arguments>
<arg>${hotel_rating}</arg>
</arguments>
<msg timestamp="20210218 07:20:07.137" level="INFO">Current page contains text 'Muito bom'.</msg>
<status status="PASS" starttime="20210218 07:20:07.110" endtime="20210218 07:20:07.137"></status>
</kw>
<kw name="Page Should Contain" library="SeleniumLibrary">
<doc>Verifies that current page contains ``text``.</doc>
<arguments>
<arg>${hotel_price}</arg>
</arguments>
<msg timestamp="20210218 07:20:07.161" level="INFO">Current page contains text '129'.</msg>
<status status="PASS" starttime="20210218 07:20:07.137" endtime="20210218 07:20:07.161"></status>
</kw>
<status status="PASS" starttime="20210218 07:20:05.386" endtime="20210218 07:20:07.161"></status>
</kw>
<kw name="Finish TestCase" library="hooks" type="teardown">
<kw name="Capture Page Screenshot" library="SeleniumLibrary">
<doc>Takes a screenshot of the current page and embeds it into a log file.</doc>
<msg timestamp="20210218 07:20:07.762" level="INFO" html="yes">&lt;/td&gt;&lt;/tr&gt;&lt;tr&gt;&lt;td colspan="3"&gt;&lt;a href="selenium-screenshot-145.png"&gt;&lt;img src="selenium-screenshot-145.png" width="800px"&gt;&lt;/a&gt;</msg>
<status status="PASS" starttime="20210218 07:20:07.163" endtime="20210218 07:20:07.763"></status>
</kw>
<kw name="Close Browser" library="SeleniumLibrary">
<doc>Closes the current browser.</doc>
<status status="PASS" starttime="20210218 07:20:07.763" endtime="20210218 07:20:10.130"></status>
</kw>
<status status="PASS" starttime="20210218 07:20:07.162" endtime="20210218 07:20:10.131"></status>
</kw>
<tags>
<tag>sbc</tag>
</tags>
<status status="PASS" starttime="20210218 07:19:56.469" endtime="20210218 07:20:10.131" critical="yes"></status>
</test>
<doc>Search By City</doc>
<status status="PASS" starttime="20210218 07:19:56.443" endtime="20210218 07:20:10.144"></status>
</suite>
<status status="PASS" starttime="20210218 07:19:34.430" endtime="20210218 07:20:10.156"></status>
</suite>
<statistics>
<total>
<stat pass="3" fail="0">Critical Tests</stat>
<stat pass="3" fail="0">All Tests</stat>
</total>
<tag>
<stat pass="1" fail="0">cep</stat>
<stat pass="1" fail="0">name</stat>
<stat pass="1" fail="0">sbc</stat>
</tag>
<suite>
<stat pass="3" fail="0" id="s1" name="Web">Web</stat>
<stat pass="2" fail="0" id="s1-s1" name="Seach By Cep">Web.Seach By Cep</stat>
<stat pass="1" fail="0" id="s1-s2" name="Seach By City">Web.Seach By City</stat>
</suite>
</statistics>
<errors>
</errors>
</robot>
