<?xml version="1.0" encoding="UTF-8"?>
<robot generator="Robot 3.2.2 (Python 3.7.6 on win32)" generated="20210217 21:11:53.706" rpa="false">
<suite id="s1" name="Web" source="C:\Users\marce\Automation\Desafio_Bemol\Etapa_II_III\tests\web">
<suite id="s1-s1" name="Seach By Cep" source="C:\Users\marce\Automation\Desafio_Bemol\Etapa_II_III\tests\web\seach_by_cep.robot">
<test id="s1-s1-t1" name="Search By CEP">
<kw name="Search Session" library="hooks" type="setup">
<kw name="Start Session" library="hooks">
<kw name="Open Browser" library="SeleniumLibrary">
<doc>Opens a new browser instance to the optional ``url``.</doc>
<arguments>
<arg>about:blank</arg>
<arg>chrome</arg>
<arg>options=add_experimental_option('excludeSwitches', ['enable-logging'])</arg>
</arguments>
<msg timestamp="20210217 21:11:54.047" level="INFO">Opening browser 'chrome' to base url 'about:blank'.</msg>
<status status="PASS" starttime="20210217 21:11:54.047" endtime="20210217 21:11:55.304"></status>
</kw>
<kw name="Maximize Browser Window" library="SeleniumLibrary">
<doc>Maximizes current browser window.</doc>
<status status="PASS" starttime="20210217 21:11:55.304" endtime="20210217 21:11:55.430"></status>
</kw>
<status status="PASS" starttime="20210217 21:11:54.046" endtime="20210217 21:11:55.430"></status>
</kw>
<kw name="Go To" library="SeleniumLibrary">
<doc>Navigates the current browser window to the provided ``url``.</doc>
<arguments>
<arg>${base_url_etII}</arg>
</arguments>
<msg timestamp="20210217 21:11:55.430" level="INFO">Opening url 'http://www.buscacep.correios.com.br'</msg>
<status status="PASS" starttime="20210217 21:11:55.430" endtime="20210217 21:11:56.796"></status>
</kw>
<status status="PASS" starttime="20210217 21:11:54.046" endtime="20210217 21:11:56.796"></status>
</kw>
<kw name="Given user access SeachByCEP Page" library="kws">
<kw name="Click Element" library="SeleniumLibrary">
<doc>Click the element identified by ``locator``.</doc>
<arguments>
<arg>${SEARCH_CEP_BUTTON}</arg>
</arguments>
<msg timestamp="20210217 21:11:56.798" level="INFO">Clicking element 'css:img[alt="Buscar CEP"]'.</msg>
<kw name="Capture Page Screenshot" library="SeleniumLibrary">
<doc>Takes a screenshot of the current page and embeds it into a log file.</doc>
<msg timestamp="20210217 21:11:57.169" level="INFO" html="yes">&lt;/td&gt;&lt;/tr&gt;&lt;tr&gt;&lt;td colspan="3"&gt;&lt;a href="selenium-screenshot-134.png"&gt;&lt;img src="selenium-screenshot-134.png" width="800px"&gt;&lt;/a&gt;</msg>
<status status="PASS" starttime="20210217 21:11:56.817" endtime="20210217 21:11:57.169"></status>
</kw>
<msg timestamp="20210217 21:11:57.174" level="FAIL">Element with locator 'css:img[alt="Buscar CEP"]' not found.</msg>
<status status="FAIL" starttime="20210217 21:11:56.796" endtime="20210217 21:11:57.174"></status>
</kw>
<status status="FAIL" starttime="20210217 21:11:56.796" endtime="20210217 21:11:57.174"></status>
</kw>
<kw name="Finish TestCase" library="hooks" type="teardown">
<kw name="Capture Page Screenshot" library="SeleniumLibrary">
<doc>Takes a screenshot of the current page and embeds it into a log file.</doc>
<msg timestamp="20210217 21:11:57.494" level="INFO" html="yes">&lt;/td&gt;&lt;/tr&gt;&lt;tr&gt;&lt;td colspan="3"&gt;&lt;a href="selenium-screenshot-135.png"&gt;&lt;img src="selenium-screenshot-135.png" width="800px"&gt;&lt;/a&gt;</msg>
<status status="PASS" starttime="20210217 21:11:57.175" endtime="20210217 21:11:57.494"></status>
</kw>
<kw name="Close Browser" library="SeleniumLibrary">
<doc>Closes the current browser.</doc>
<status status="PASS" starttime="20210217 21:11:57.494" endtime="20210217 21:11:59.816"></status>
</kw>
<status status="PASS" starttime="20210217 21:11:57.175" endtime="20210217 21:11:59.817"></status>
</kw>
<tags>
<tag>cep</tag>
</tags>
<status status="FAIL" starttime="20210217 21:11:54.045" endtime="20210217 21:11:59.819" critical="yes">Element with locator 'css:img[alt="Buscar CEP"]' not found.</status>
</test>
<test id="s1-s1-t2" name="Search By Name">
<kw name="Search Session" library="hooks" type="setup">
<kw name="Start Session" library="hooks">
<kw name="Open Browser" library="SeleniumLibrary">
<doc>Opens a new browser instance to the optional ``url``.</doc>
<arguments>
<arg>about:blank</arg>
<arg>chrome</arg>
<arg>options=add_experimental_option('excludeSwitches', ['enable-logging'])</arg>
</arguments>
<msg timestamp="20210217 21:11:59.851" level="INFO">Opening browser 'chrome' to base url 'about:blank'.</msg>
<status status="PASS" starttime="20210217 21:11:59.850" endtime="20210217 21:12:01.501"></status>
</kw>
<kw name="Maximize Browser Window" library="SeleniumLibrary">
<doc>Maximizes current browser window.</doc>
<status status="PASS" starttime="20210217 21:12:01.502" endtime="20210217 21:12:01.636"></status>
</kw>
<status status="PASS" starttime="20210217 21:11:59.849" endtime="20210217 21:12:01.636"></status>
</kw>
<kw name="Go To" library="SeleniumLibrary">
<doc>Navigates the current browser window to the provided ``url``.</doc>
<arguments>
<arg>${base_url_etII}</arg>
</arguments>
<msg timestamp="20210217 21:12:01.637" level="INFO">Opening url 'http://www.buscacep.correios.com.br'</msg>
<status status="PASS" starttime="20210217 21:12:01.636" endtime="20210217 21:12:04.289"></status>
</kw>
<status status="PASS" starttime="20210217 21:11:59.848" endtime="20210217 21:12:04.289"></status>
</kw>
<kw name="Given user access SeachByCEP Page" library="kws">
<kw name="Click Element" library="SeleniumLibrary">
<doc>Click the element identified by ``locator``.</doc>
<arguments>
<arg>${SEARCH_CEP_BUTTON}</arg>
</arguments>
<msg timestamp="20210217 21:12:04.292" level="INFO">Clicking element 'css:img[alt="Buscar CEP"]'.</msg>
<kw name="Capture Page Screenshot" library="SeleniumLibrary">
<doc>Takes a screenshot of the current page and embeds it into a log file.</doc>
<msg timestamp="20210217 21:12:04.679" level="INFO" html="yes">&lt;/td&gt;&lt;/tr&gt;&lt;tr&gt;&lt;td colspan="3"&gt;&lt;a href="selenium-screenshot-136.png"&gt;&lt;img src="selenium-screenshot-136.png" width="800px"&gt;&lt;/a&gt;</msg>
<status status="PASS" starttime="20210217 21:12:04.311" endtime="20210217 21:12:04.680"></status>
</kw>
<msg timestamp="20210217 21:12:04.680" level="FAIL">Element with locator 'css:img[alt="Buscar CEP"]' not found.</msg>
<status status="FAIL" starttime="20210217 21:12:04.292" endtime="20210217 21:12:04.680"></status>
</kw>
<status status="FAIL" starttime="20210217 21:12:04.292" endtime="20210217 21:12:04.680"></status>
</kw>
<kw name="Finish TestCase" library="hooks" type="teardown">
<kw name="Capture Page Screenshot" library="SeleniumLibrary">
<doc>Takes a screenshot of the current page and embeds it into a log file.</doc>
<msg timestamp="20210217 21:12:05.031" level="INFO" html="yes">&lt;/td&gt;&lt;/tr&gt;&lt;tr&gt;&lt;td colspan="3"&gt;&lt;a href="selenium-screenshot-137.png"&gt;&lt;img src="selenium-screenshot-137.png" width="800px"&gt;&lt;/a&gt;</msg>
<status status="PASS" starttime="20210217 21:12:04.685" endtime="20210217 21:12:05.031"></status>
</kw>
<kw name="Close Browser" library="SeleniumLibrary">
<doc>Closes the current browser.</doc>
<status status="PASS" starttime="20210217 21:12:05.031" endtime="20210217 21:12:08.298"></status>
</kw>
<status status="PASS" starttime="20210217 21:12:04.683" endtime="20210217 21:12:08.299"></status>
</kw>
<tags>
<tag>name</tag>
</tags>
<status status="FAIL" starttime="20210217 21:11:59.847" endtime="20210217 21:12:08.301" critical="yes">Element with locator 'css:img[alt="Buscar CEP"]' not found.</status>
</test>
<doc>Search By CEP</doc>
<status status="FAIL" starttime="20210217 21:11:53.740" endtime="20210217 21:12:08.325"></status>
</suite>
<suite id="s1-s2" name="Seach By City" source="C:\Users\marce\Automation\Desafio_Bemol\Etapa_II_III\tests\web\seach_by_city.robot">
<test id="s1-s2-t1" name="Search By City">
<kw name="Seach Trivago Session" library="hooks" type="setup">
<kw name="Start Session" library="hooks">
<kw name="Open Browser" library="SeleniumLibrary">
<doc>Opens a new browser instance to the optional ``url``.</doc>
<arguments>
<arg>about:blank</arg>
<arg>chrome</arg>
<arg>options=add_experimental_option('excludeSwitches', ['enable-logging'])</arg>
</arguments>
<msg timestamp="20210217 21:12:08.491" level="INFO">Opening browser 'chrome' to base url 'about:blank'.</msg>
<status status="PASS" starttime="20210217 21:12:08.491" endtime="20210217 21:12:10.002"></status>
</kw>
<kw name="Maximize Browser Window" library="SeleniumLibrary">
<doc>Maximizes current browser window.</doc>
<status status="PASS" starttime="20210217 21:12:10.003" endtime="20210217 21:12:10.120"></status>
</kw>
<status status="PASS" starttime="20210217 21:12:08.489" endtime="20210217 21:12:10.120"></status>
</kw>
<kw name="Go To" library="SeleniumLibrary">
<doc>Navigates the current browser window to the provided ``url``.</doc>
<arguments>
<arg>${base_url_etIII}</arg>
</arguments>
<msg timestamp="20210217 21:12:10.121" level="INFO">Opening url 'http://www.trivago.com.br'</msg>
<status status="PASS" starttime="20210217 21:12:10.120" endtime="20210217 21:12:17.907"></status>
</kw>
<status status="PASS" starttime="20210217 21:12:08.488" endtime="20210217 21:12:17.908"></status>
</kw>
<kw name="Given that user make a search by city" library="kws">
<kw name="Input Text" library="SeleniumLibrary">
<doc>Types the given ``text`` into the text field identified by ``locator``.</doc>
<arguments>
<arg>${SEARCH_FIELD}</arg>
<arg>Manaus</arg>
</arguments>
<msg timestamp="20210217 21:12:17.912" level="INFO">Typing text 'Manaus' into text field 'css:input[type="search"]'.</msg>
<status status="PASS" starttime="20210217 21:12:17.911" endtime="20210217 21:12:18.013"></status>
</kw>
<kw name="Sleep" library="BuiltIn">
<doc>Pauses the test executed for the given time.</doc>
<arguments>
<arg>1.5</arg>
</arguments>
<msg timestamp="20210217 21:12:19.517" level="INFO">Slept 1 second 500 milliseconds</msg>
<status status="PASS" starttime="20210217 21:12:18.013" endtime="20210217 21:12:19.517"></status>
</kw>
<kw name="Click Element" library="SeleniumLibrary">
<doc>Click the element identified by ``locator``.</doc>
<arguments>
<arg>${SEARCH_BUTTON}</arg>
</arguments>
<msg timestamp="20210217 21:12:19.518" level="INFO">Clicking element 'css:button[data-qa="search-button"]'.</msg>
<status status="PASS" starttime="20210217 21:12:19.517" endtime="20210217 21:12:19.785"></status>
</kw>
<status status="PASS" starttime="20210217 21:12:17.911" endtime="20210217 21:12:19.786"></status>
</kw>
<kw name="When user sort by Rating and Suggestions" library="kws">
<kw name="Press Keys" library="SeleniumLibrary">
<doc>Simulates the user pressing key(s) to an element or on the active browser.</doc>
<arguments>
<arg>None</arg>
<arg>ESC</arg>
</arguments>
<msg timestamp="20210217 21:12:19.792" level="INFO">Sending key(s) ('ESC',) to page.</msg>
<msg timestamp="20210217 21:12:19.792" level="INFO">Pressing special key ESCAPE to browser.</msg>
<msg timestamp="20210217 21:12:19.792" level="INFO">Releasing special key ESCAPE.</msg>
<status status="PASS" starttime="20210217 21:12:19.791" endtime="20210217 21:12:20.319"></status>
</kw>
<kw name="Wait Until Element Is Visible" library="SeleniumLibrary">
<doc>Waits until the element ``locator`` is visible.</doc>
<arguments>
<arg>${SELECT_BUTTON}</arg>
<arg>5</arg>
</arguments>
<status status="PASS" starttime="20210217 21:12:20.319" endtime="20210217 21:12:20.412"></status>
</kw>
<kw name="Click Element" library="SeleniumLibrary">
<doc>Click the element identified by ``locator``.</doc>
<arguments>
<arg>${SELECT_BUTTON}</arg>
</arguments>
<msg timestamp="20210217 21:12:20.413" level="INFO">Clicking element 'css:select[data-qa="sorting"]'.</msg>
<status status="PASS" starttime="20210217 21:12:20.412" endtime="20210217 21:12:20.566"></status>
</kw>
<kw name="Click Element" library="SeleniumLibrary">
<doc>Click the element identified by ``locator``.</doc>
<arguments>
<arg>${AVA_OPT}</arg>
</arguments>
<msg timestamp="20210217 21:12:20.566" level="INFO">Clicking element 'css:option[value="7"]'.</msg>
<status status="PASS" starttime="20210217 21:12:20.566" endtime="20210217 21:12:20.780"></status>
</kw>
<kw name="Press Keys" library="SeleniumLibrary">
<doc>Simulates the user pressing key(s) to an element or on the active browser.</doc>
<arguments>
<arg>None</arg>
<arg>ESC</arg>
</arguments>
<msg timestamp="20210217 21:12:20.781" level="INFO">Sending key(s) ('ESC',) to page.</msg>
<msg timestamp="20210217 21:12:20.782" level="INFO">Pressing special key ESCAPE to browser.</msg>
<msg timestamp="20210217 21:12:20.782" level="INFO">Releasing special key ESCAPE.</msg>
<status status="PASS" starttime="20210217 21:12:20.780" endtime="20210217 21:12:20.813"></status>
</kw>
<status status="PASS" starttime="20210217 21:12:19.791" endtime="20210217 21:12:20.814"></status>
</kw>
<kw name="Then the first list item should be" library="kws">
<kw name="Wait Until Element Is Visible" library="SeleniumLibrary">
<doc>Waits until the element ``locator`` is visible.</doc>
<arguments>
<arg>${ITEM_NAME}</arg>
<arg>5</arg>
</arguments>
<status status="PASS" starttime="20210217 21:12:20.814" endtime="20210217 21:12:23.539"></status>
</kw>
<kw name="Page Should Contain" library="SeleniumLibrary">
<doc>Verifies that current page contains ``text``.</doc>
<arguments>
<arg>ibis budget Manaus</arg>
</arguments>
<msg timestamp="20210217 21:12:23.567" level="INFO">Current page contains text 'ibis budget Manaus'.</msg>
<status status="PASS" starttime="20210217 21:12:23.539" endtime="20210217 21:12:23.567"></status>
</kw>
<kw name="Page Should Contain" library="SeleniumLibrary">
<doc>Verifies that current page contains ``text``.</doc>
<arguments>
<arg>Muito bom</arg>
</arguments>
<msg timestamp="20210217 21:12:23.597" level="INFO">Current page contains text 'Muito bom'.</msg>
<status status="PASS" starttime="20210217 21:12:23.567" endtime="20210217 21:12:23.597"></status>
</kw>
<kw name="Page Should Contain" library="SeleniumLibrary">
<doc>Verifies that current page contains ``text``.</doc>
<arguments>
<arg>129</arg>
</arguments>
<kw name="Capture Page Screenshot" library="SeleniumLibrary">
<doc>Takes a screenshot of the current page and embeds it into a log file.</doc>
<msg timestamp="20210217 21:12:24.793" level="INFO" html="yes">&lt;/td&gt;&lt;/tr&gt;&lt;tr&gt;&lt;td colspan="3"&gt;&lt;a href="selenium-screenshot-138.png"&gt;&lt;img src="selenium-screenshot-138.png" width="800px"&gt;&lt;/a&gt;</msg>
<status status="PASS" starttime="20210217 21:12:24.265" endtime="20210217 21:12:24.794"></status>
</kw>
<msg timestamp="20210217 21:12:24.794" level="FAIL">Page should have contained text '129' but did not.</msg>
<status status="FAIL" starttime="20210217 21:12:23.597" endtime="20210217 21:12:24.794"></status>
</kw>
<status status="FAIL" starttime="20210217 21:12:20.814" endtime="20210217 21:12:24.795"></status>
</kw>
<kw name="Finish TestCase" library="hooks" type="teardown">
<kw name="Capture Page Screenshot" library="SeleniumLibrary">
<doc>Takes a screenshot of the current page and embeds it into a log file.</doc>
<msg timestamp="20210217 21:12:25.180" level="INFO" html="yes">&lt;/td&gt;&lt;/tr&gt;&lt;tr&gt;&lt;td colspan="3"&gt;&lt;a href="selenium-screenshot-139.png"&gt;&lt;img src="selenium-screenshot-139.png" width="800px"&gt;&lt;/a&gt;</msg>
<status status="PASS" starttime="20210217 21:12:24.795" endtime="20210217 21:12:25.180"></status>
</kw>
<kw name="Close Browser" library="SeleniumLibrary">
<doc>Closes the current browser.</doc>
<status status="PASS" starttime="20210217 21:12:25.180" endtime="20210217 21:12:28.448"></status>
</kw>
<status status="PASS" starttime="20210217 21:12:24.795" endtime="20210217 21:12:28.448"></status>
</kw>
<tags>
<tag>sbc</tag>
</tags>
<status status="FAIL" starttime="20210217 21:12:08.486" endtime="20210217 21:12:28.449" critical="yes">Page should have contained text '129' but did not.</status>
</test>
<doc>Search By City</doc>
<status status="FAIL" starttime="20210217 21:12:08.421" endtime="20210217 21:12:28.457"></status>
</suite>
<status status="FAIL" starttime="20210217 21:11:53.708" endtime="20210217 21:12:28.461"></status>
</suite>
<statistics>
<total>
<stat pass="0" fail="3">Critical Tests</stat>
<stat pass="0" fail="3">All Tests</stat>
</total>
<tag>
<stat pass="0" fail="1">cep</stat>
<stat pass="0" fail="1">name</stat>
<stat pass="0" fail="1">sbc</stat>
</tag>
<suite>
<stat pass="0" fail="3" id="s1" name="Web">Web</stat>
<stat pass="0" fail="2" id="s1-s1" name="Seach By Cep">Web.Seach By Cep</stat>
<stat pass="0" fail="1" id="s1-s2" name="Seach By City">Web.Seach By City</stat>
</suite>
</statistics>
<errors>
</errors>
</robot>
